#
# A fatal error has been detected by the Java Runtime Environment:
#
#  EXCEPTION_ACCESS_VIOLATION (0xc0000005) at pc=0x00007fff50af32a1, pid=2736, tid=0x0000000000002e10
#
# JRE version: Java(TM) SE Runtime Environment (8.0_111-b14) (build 1.8.0_111-b14)
# Java VM: Java HotSpot(TM) 64-Bit Server VM (25.111-b14 mixed mode windows-amd64 compressed oops)
# Problematic frame:
# C  [ig8icd64.dll+0x2332a1]
#
# Failed to write core dump. Minidumps are not enabled by default on client versions of Windows
#
# If you would like to submit a bug report, please visit:
#   http://bugreport.java.com/bugreport/crash.jsp
# The crash happened outside the Java Virtual Machine in native code.
# See problematic frame for where to report the bug.
#

---------------  T H R E A D  ---------------

Current thread (0x0000000019dc4800):  JavaThread "AWT-EventQueue-0" [_thread_in_native, id=11792, stack(0x000000001b740000,0x000000001b840000)]

siginfo: ExceptionCode=0xc0000005, reading address 0x0000000000000028

Registers:
RAX=0x0000000021403da0, RBX=0x00000000214190c0, RCX=0x0000000000000300, RDX=0x000000001be748d0
RSP=0x000000001b838410, RBP=0x000000001b838510, RSI=0x000000001be754b0, RDI=0x0000000000000000
R8 =0x0000000000000010, R9 =0x00007fff508c0000, R10=0x0000000000000000, R11=0x000000001be4ba30
R12=0x000000001be74d78, R13=0x000000001b839a00, R14=0x0000000000000000, R15=0x0000000021403e80
RIP=0x00007fff50af32a1, EFLAGS=0x0000000000010202

Top of Stack: (sp=0x000000001b838410)
0x000000001b838410:   000000001c151c20 00000000172b91f8
0x000000001b838420:   000000001c12dbd0 00007fff172b91f8
0x000000001b838430:   000041be1b6cd9a8 000000001b5dcb88
0x000000001b838440:   0001000000000000 0000000000000000
0x000000001b838450:   000000001c0e5fd8 0000000021403e80
0x000000001b838460:   000000001b6809e0 0000000000000010
0x000000001b838470:   000000001be4ba30 000000001b839a00
0x000000001b838480:   80000b00ffffffff ffffffff1c151d00
0x000000001b838490:   000000001d56c0fc 000000001c0eeaf0
0x000000001b8384a0:   000000001c145998 00000001177fb128
0x000000001b8384b0:   000000001c151cc0 0000000000000000
0x000000001b8384c0:   80000c001c0ee0a0 0000000000000000
0x000000001b8384d0:   000000001c0e5fb8 000000001be74d78
0x000000001b8384e0:   000000001c151d60 000000001d56c0e0
0x000000001b8384f0:   00000000177fb128 000000000000001c
0x000000001b838500:   000000001c12db90 000000001be98830 

Instructions: (pc=0x00007fff50af32a1)
0x00007fff50af3281:   b8 20 41 89 4d 0c e9 9c 00 00 00 44 39 70 08 74
0x00007fff50af3291:   55 4c 8d b8 e0 00 00 00 4c 89 7c 24 48 49 8b 3f
0x00007fff50af32a1:   48 8b 4f 28 48 8b 49 20 48 8b 49 08 e8 4e ed 44
0x00007fff50af32b1:   00 41 89 45 08 8b 47 08 03 46 08 41 89 45 0c 48 


Register to memory mapping:

RAX=0x0000000021403da0 is an unknown value
RBX=0x00000000214190c0 is an unknown value
RCX=0x0000000000000300 is an unknown value
RDX=0x000000001be748d0 is an unknown value
RSP=0x000000001b838410 is pointing into the stack for thread: 0x0000000019dc4800
RBP=0x000000001b838510 is pointing into the stack for thread: 0x0000000019dc4800
RSI=0x000000001be754b0 is an unknown value
RDI=0x0000000000000000 is an unknown value
R8 =0x0000000000000010 is an unknown value
R9 =0x00007fff508c0000 is an unknown value
R10=0x0000000000000000 is an unknown value
R11=0x000000001be4ba30 is an unknown value
R12=0x000000001be74d78 is an unknown value
R13=0x000000001b839a00 is pointing into the stack for thread: 0x0000000019dc4800
R14=0x0000000000000000 is an unknown value
R15=0x0000000021403e80 is an unknown value


Stack: [0x000000001b740000,0x000000001b840000],  sp=0x000000001b838410,  free space=993k
Native frames: (J=compiled Java code, j=interpreted, Vv=VM code, C=native code)
C  [ig8icd64.dll+0x2332a1]
C  [ig8icd64.dll+0x28c867]
C  [ig8icd64.dll+0x32d8e7]
C  [ig8icd64.dll+0x32d547]
C  [ig8icd64.dll+0x331014]
C  [ig8icd64.dll+0x5b7a31]
C  [jogl.dll+0x5f8b]
C  0x0000000003017f74

Java frames: (J=compiled Java code, j=interpreted, Vv=VM code)
j  com.sun.opengl.impl.GLImpl.glDrawArrays(III)V+0
j  com.sun.opengl.util.j2d.TextRenderer$Pipelined_QuadRenderer.drawVertexArrays()V+202
j  com.sun.opengl.util.j2d.TextRenderer$Pipelined_QuadRenderer.draw()V+11
j  com.sun.opengl.util.j2d.TextRenderer$Pipelined_QuadRenderer.access$000(Lcom/sun/opengl/util/j2d/TextRenderer$Pipelined_QuadRenderer;)V+1
j  com.sun.opengl.util.j2d.TextRenderer.flushGlyphPipeline()V+11
j  com.sun.opengl.util.j2d.TextRenderer.endRendering(Z)V+1
j  com.sun.opengl.util.j2d.TextRenderer.endRendering()V+2
j  _aula01.dia24102018.JOGLEXemploInicial.display(Ljavax/media/opengl/GLAutoDrawable;)V+326
j  com.sun.opengl.impl.GLDrawableHelper.display(Ljavax/media/opengl/GLAutoDrawable;)V+29
j  javax.media.opengl.GLJPanel$Updater.display(Ljavax/media/opengl/GLAutoDrawable;)V+224
j  com.sun.opengl.impl.GLDrawableHelper.display(Ljavax/media/opengl/GLAutoDrawable;)V+29
j  com.sun.opengl.impl.GLPbufferImpl$DisplayAction.run()V+11
j  com.sun.opengl.impl.GLDrawableHelper.invokeGL(Ljavax/media/opengl/GLDrawable;Ljavax/media/opengl/GLContext;Ljava/lang/Runnable;Ljava/lang/Runnable;)V+418
j  com.sun.opengl.impl.GLPbufferImpl.maybeDoSingleThreadedWorkaround(Ljava/lang/Runnable;Ljava/lang/Runnable;Z)V+36
j  com.sun.opengl.impl.GLPbufferImpl.display()V+10
j  javax.media.opengl.GLJPanel.paintComponent(Ljava/awt/Graphics;)V+237
j  javax.swing.JComponent.paint(Ljava/awt/Graphics;)V+286
j  javax.swing.JComponent.paintChildren(Ljava/awt/Graphics;)V+501
j  javax.swing.JComponent.paint(Ljava/awt/Graphics;)V+318
j  javax.swing.JComponent.paintChildren(Ljava/awt/Graphics;)V+501
j  javax.swing.JComponent.paint(Ljava/awt/Graphics;)V+318
j  javax.swing.JLayeredPane.paint(Ljava/awt/Graphics;)V+73
j  javax.swing.JComponent.paintChildren(Ljava/awt/Graphics;)V+501
j  javax.swing.JComponent.paintToOffscreen(Ljava/awt/Graphics;IIIIII)V+72
j  javax.swing.RepaintManager$PaintManager.paintDoubleBuffered(Ljavax/swing/JComponent;Ljava/awt/Image;Ljava/awt/Graphics;IIII)V+163
j  javax.swing.RepaintManager$PaintManager.paint(Ljavax/swing/JComponent;Ljavax/swing/JComponent;Ljava/awt/Graphics;IIII)Z+116
j  javax.swing.RepaintManager.paint(Ljavax/swing/JComponent;Ljavax/swing/JComponent;Ljava/awt/Graphics;IIII)V+51
j  javax.swing.JComponent.paint(Ljava/awt/Graphics;)V+221
j  java.awt.GraphicsCallback$PaintCallback.run(Ljava/awt/Component;Ljava/awt/Graphics;)V+2
j  sun.awt.SunGraphicsCallback.runOneComponent(Ljava/awt/Component;Ljava/awt/Rectangle;Ljava/awt/Graphics;Ljava/awt/Shape;I)V+155
j  sun.awt.SunGraphicsCallback.runComponents([Ljava/awt/Component;Ljava/awt/Graphics;I)V+194
j  java.awt.Container.paint(Ljava/awt/Graphics;)V+58
j  java.awt.Window.paint(Ljava/awt/Graphics;)V+68
j  javax.swing.RepaintManager$4.run()Ljava/lang/Void;+142
j  javax.swing.RepaintManager$4.run()Ljava/lang/Object;+1
v  ~StubRoutines::call_stub
j  java.security.AccessController.doPrivileged(Ljava/security/PrivilegedAction;Ljava/security/AccessControlContext;)Ljava/lang/Object;+0
j  java.security.ProtectionDomain$JavaSecurityAccessImpl.doIntersectionPrivilege(Ljava/security/PrivilegedAction;Ljava/security/AccessControlContext;Ljava/security/AccessControlContext;)Ljava/lang/Object;+18
j  javax.swing.RepaintManager.paintDirtyRegions(Ljava/util/Map;)V+154
j  javax.swing.RepaintManager.paintDirtyRegions()V+46
j  javax.swing.RepaintManager.prePaintDirtyRegions()V+73
j  javax.swing.RepaintManager.access$1200(Ljavax/swing/RepaintManager;)V+1
j  javax.swing.RepaintManager$ProcessingRunnable.run()V+37
j  java.awt.event.InvocationEvent.dispatch()V+47
j  java.awt.EventQueue.dispatchEventImpl(Ljava/awt/AWTEvent;Ljava/lang/Object;)V+21
j  java.awt.EventQueue.access$500(Ljava/awt/EventQueue;Ljava/awt/AWTEvent;Ljava/lang/Object;)V+3
j  java.awt.EventQueue$3.run()Ljava/lang/Void;+32
j  java.awt.EventQueue$3.run()Ljava/lang/Object;+1
v  ~StubRoutines::call_stub
j  java.security.AccessController.doPrivileged(Ljava/security/PrivilegedAction;Ljava/security/AccessControlContext;)Ljava/lang/Object;+0
j  java.security.ProtectionDomain$JavaSecurityAccessImpl.doIntersectionPrivilege(Ljava/security/PrivilegedAction;Ljava/security/AccessControlContext;Ljava/security/AccessControlContext;)Ljava/lang/Object;+18
j  java.awt.EventQueue.dispatchEvent(Ljava/awt/AWTEvent;)V+46
j  java.awt.EventDispatchThread.pumpOneEventForFilters(I)V+245
j  java.awt.EventDispatchThread.pumpEventsForFilter(ILjava/awt/Conditional;Ljava/awt/EventFilter;)V+35
j  java.awt.EventDispatchThread.pumpEventsForHierarchy(ILjava/awt/Conditional;Ljava/awt/Component;)V+11
j  java.awt.EventDispatchThread.pumpEvents(ILjava/awt/Conditional;)V+4
j  java.awt.EventDispatchThread.pumpEvents(Ljava/awt/Conditional;)V+3
j  java.awt.EventDispatchThread.run()V+9
v  ~StubRoutines::call_stub

---------------  P R O C E S S  ---------------

Java Threads: ( => current thread )
  0x0000000002f01000 JavaThread "DestroyJavaVM" [_thread_blocked, id=7060, stack(0x0000000002d20000,0x0000000002e20000)]
  0x0000000019dc8000 JavaThread "Timer-0" [_thread_blocked, id=15028, stack(0x000000001bc80000,0x000000001bd80000)]
=>0x0000000019dc4800 JavaThread "AWT-EventQueue-0" [_thread_in_native, id=11792, stack(0x000000001b740000,0x000000001b840000)]
  0x0000000019cc0800 JavaThread "AWT-Windows" daemon [_thread_in_native, id=11864, stack(0x000000001a630000,0x000000001a730000)]
  0x0000000019cb2800 JavaThread "AWT-Shutdown" [_thread_blocked, id=11716, stack(0x000000001a530000,0x000000001a630000)]
  0x0000000019cbe000 JavaThread "Java2D Disposer" daemon [_thread_blocked, id=6320, stack(0x000000001a430000,0x000000001a530000)]
  0x0000000017bae800 JavaThread "Service Thread" daemon [_thread_blocked, id=15140, stack(0x00000000198e0000,0x00000000199e0000)]
  0x0000000017b53800 JavaThread "C1 CompilerThread2" daemon [_thread_blocked, id=12708, stack(0x00000000193e0000,0x00000000194e0000)]
  0x0000000017b50800 JavaThread "C2 CompilerThread1" daemon [_thread_blocked, id=14768, stack(0x00000000192e0000,0x00000000193e0000)]
  0x0000000017b4d000 JavaThread "C2 CompilerThread0" daemon [_thread_blocked, id=2976, stack(0x00000000191e0000,0x00000000192e0000)]
  0x0000000017b4c000 JavaThread "Attach Listener" daemon [_thread_blocked, id=10036, stack(0x00000000190e0000,0x00000000191e0000)]
  0x0000000017b4a800 JavaThread "Signal Dispatcher" daemon [_thread_blocked, id=5792, stack(0x0000000018fe0000,0x00000000190e0000)]
  0x0000000002ffb000 JavaThread "Finalizer" daemon [_thread_blocked, id=9360, stack(0x0000000018dd0000,0x0000000018ed0000)]
  0x0000000002ff2000 JavaThread "Reference Handler" daemon [_thread_blocked, id=3924, stack(0x0000000018cd0000,0x0000000018dd0000)]

Other Threads:
  0x0000000017b17800 VMThread [stack: 0x0000000018bd0000,0x0000000018cd0000] [id=14348]
  0x0000000019536800 WatcherThread [stack: 0x0000000019b30000,0x0000000019c30000] [id=13952]

VM state:not at safepoint (normal execution)

VM Mutex/Monitor currently owned by a thread: None

Heap:
 PSYoungGen      total 38400K, used 27297K [0x00000000d5d80000, 0x00000000d8800000, 0x0000000100000000)
  eden space 33280K, 82% used [0x00000000d5d80000,0x00000000d78286d8,0x00000000d7e00000)
  from space 5120K, 0% used [0x00000000d8300000,0x00000000d8300000,0x00000000d8800000)
  to   space 5120K, 0% used [0x00000000d7e00000,0x00000000d7e00000,0x00000000d8300000)
 ParOldGen       total 87552K, used 0K [0x0000000081800000, 0x0000000086d80000, 0x00000000d5d80000)
  object space 87552K, 0% used [0x0000000081800000,0x0000000081800000,0x0000000086d80000)
 Metaspace       used 12907K, capacity 13074K, committed 13184K, reserved 1060864K
  class space    used 1335K, capacity 1400K, committed 1408K, reserved 1048576K

Card table byte_map: [0x00000000123c0000,0x00000000127c0000] byte_map_base: 0x0000000011fb4000

Marking Bits: (ParMarkBitMap*) 0x00000000560ca6c0
 Begin Bits: [0x0000000012e70000, 0x0000000014e10000)
 End Bits:   [0x0000000014e10000, 0x0000000016db0000)

Polling page: 0x0000000001410000

CodeCache: size=245760Kb used=3285Kb max_used=3286Kb free=242474Kb
 bounds [0x0000000003000000, 0x0000000003340000, 0x0000000012000000]
 total_blobs=1648 nmethods=973 adapters=588
 compilation: enabled

Compilation events (10 events):
Event: 2.487 Thread 0x0000000017b50800 nmethod 966 0x0000000003332790 code [0x00000000033328c0, 0x0000000003332958]
Event: 2.488 Thread 0x0000000017b53800 nmethod 969 0x0000000003334310 code [0x0000000003334500, 0x00000000033350c8]
Event: 2.488 Thread 0x0000000017b53800  970       3       sun.font.FontUtilities::getFont2D (8 bytes)
Event: 2.488 Thread 0x0000000017b53800 nmethod 970 0x0000000003336e90 code [0x0000000003337000, 0x0000000003337388]
Event: 2.488 Thread 0x0000000017b53800  971  s    3       sun.font.FontAccess::getFontAccess (4 bytes)
Event: 2.488 Thread 0x0000000017b53800 nmethod 971 0x0000000003336a10 code [0x0000000003336b60, 0x0000000003336e10]
Event: 2.537 Thread 0x0000000017b53800  972       3       java.util.regex.Pattern::peek (26 bytes)
Event: 2.538 Thread 0x0000000017b53800 nmethod 972 0x00000000033364d0 code [0x0000000003336640, 0x00000000033368e8]
Event: 2.538 Thread 0x0000000017b53800  973       3       java.util.regex.Pattern::isSupplementary (20 bytes)
Event: 2.539 Thread 0x0000000017b53800 nmethod 973 0x0000000003335fd0 code [0x0000000003336140, 0x0000000003336410]

GC Heap History (0 events):
No events

Deoptimization events (5 events):
Event: 0.595 Thread 0x0000000002f01000 Uncommon trap: reason=null_check action=make_not_entrant pc=0x00000000031b999c method=java.lang.String.equals(Ljava/lang/Object;)Z @ 8
Event: 0.871 Thread 0x0000000002f01000 Uncommon trap: reason=unstable_if action=reinterpret pc=0x0000000003212578 method=java.lang.CharacterData.of(I)Ljava/lang/CharacterData; @ 4
Event: 0.897 Thread 0x0000000002f01000 Uncommon trap: reason=unstable_if action=reinterpret pc=0x0000000003277910 method=java.lang.Character.isSurrogate(C)Z @ 3
Event: 0.934 Thread 0x0000000002f01000 Uncommon trap: reason=unstable_if action=reinterpret pc=0x000000000324bbfc method=java.util.HashMap.hash(Ljava/lang/Object;)I @ 1
Event: 1.047 Thread 0x0000000019dc4800 Uncommon trap: reason=unstable_if action=reinterpret pc=0x0000000003261658 method=java.io.WinNTFileSystem.normalize(Ljava/lang/String;)Ljava/lang/String; @ 128

Internal exceptions (10 events):
Event: 0.367 Thread 0x0000000002f01000 Exception <a 'java/security/PrivilegedActionException'> (0x00000000d6159600) thrown at [C:\re\workspace\8-2-build-windows-amd64-cygwin\jdk8u111\7883\hotspot\src\share\vm\prims\jvm.cpp, line 1386]
Event: 0.367 Thread 0x0000000002f01000 Exception <a 'java/security/PrivilegedActionException'> (0x00000000d6159810) thrown at [C:\re\workspace\8-2-build-windows-amd64-cygwin\jdk8u111\7883\hotspot\src\share\vm\prims\jvm.cpp, line 1386]
Event: 0.369 Thread 0x0000000002f01000 Exception <a 'java/security/PrivilegedActionException'> (0x00000000d615d6f8) thrown at [C:\re\workspace\8-2-build-windows-amd64-cygwin\jdk8u111\7883\hotspot\src\share\vm\prims\jvm.cpp, line 1386]
Event: 0.369 Thread 0x0000000002f01000 Exception <a 'java/security/PrivilegedActionException'> (0x00000000d615d908) thrown at [C:\re\workspace\8-2-build-windows-amd64-cygwin\jdk8u111\7883\hotspot\src\share\vm\prims\jvm.cpp, line 1386]
Event: 0.380 Thread 0x0000000002f01000 Exception <a 'java/io/FileNotFoundException'> (0x00000000d6163660) thrown at [C:\re\workspace\8-2-build-windows-amd64-cygwin\jdk8u111\7883\hotspot\src\share\vm\prims\jni.cpp, line 709]
Event: 0.466 Thread 0x0000000002f01000 Exception <a 'java/lang/NoSuchFieldError': method resolution failed> (0x00000000d6230be0) thrown at [C:\re\workspace\8-2-build-windows-amd64-cygwin\jdk8u111\7883\hotspot\src\share\vm\prims\methodHandles.cpp, line 1146]
Event: 0.469 Thread 0x0000000002f01000 Exception <a 'java/lang/NoSuchFieldError': method resolution failed> (0x00000000d623dfd8) thrown at [C:\re\workspace\8-2-build-windows-amd64-cygwin\jdk8u111\7883\hotspot\src\share\vm\prims\methodHandles.cpp, line 1146]
Event: 0.543 Thread 0x0000000002f01000 Exception <a 'java/io/FileNotFoundException'> (0x00000000d62ddb78) thrown at [C:\re\workspace\8-2-build-windows-amd64-cygwin\jdk8u111\7883\hotspot\src\share\vm\prims\jni.cpp, line 709]
Event: 0.595 Thread 0x0000000002f01000 Implicit null exception at 0x00000000031b97da to 0x00000000031b998d
Event: 0.934 Thread 0x0000000002f01000 Implicit null exception at 0x000000000324b63b to 0x000000000324bbe1

Events (10 events):
Event: 1.403 loading class java/awt/event/MouseWheelEvent
Event: 1.403 loading class java/awt/event/MouseWheelEvent done
Event: 1.403 loading class java/awt/AWTEvent$2
Event: 1.403 loading class java/awt/AWTEvent$2 done
Event: 1.403 loading class sun/reflect/UnsafeBooleanFieldAccessorImpl
Event: 1.403 loading class sun/reflect/UnsafeBooleanFieldAccessorImpl done
Event: 1.404 loading class java/applet/Applet
Event: 1.404 loading class java/awt/Panel
Event: 1.404 loading class java/awt/Panel done
Event: 1.404 loading class java/applet/Applet done


Dynamic libraries:
0x00007ff61b460000 - 0x00007ff61b497000 	C:\Program Files\Java\jdk1.8.0_111\jre\bin\java.exe
0x00007fffb4fe0000 - 0x00007fffb51c1000 	C:\WINDOWS\SYSTEM32\ntdll.dll
0x00007fffb4ef0000 - 0x00007fffb4fa2000 	C:\WINDOWS\System32\KERNEL32.DLL
0x00007fffb13b0000 - 0x00007fffb1623000 	C:\WINDOWS\System32\KERNELBASE.dll
0x00007fffb26f0000 - 0x00007fffb2791000 	C:\WINDOWS\System32\ADVAPI32.dll
0x00007fffb38f0000 - 0x00007fffb398e000 	C:\WINDOWS\System32\msvcrt.dll
0x00007fffb2670000 - 0x00007fffb26cb000 	C:\WINDOWS\System32\sechost.dll
0x00007fffb3620000 - 0x00007fffb3744000 	C:\WINDOWS\System32\RPCRT4.dll
0x00007fffb3160000 - 0x00007fffb32f0000 	C:\WINDOWS\System32\USER32.dll
0x00007fffb1630000 - 0x00007fffb1650000 	C:\WINDOWS\System32\win32u.dll
0x00007fffb3a80000 - 0x00007fffb3aa8000 	C:\WINDOWS\System32\GDI32.dll
0x00007fffb16f0000 - 0x00007fffb1882000 	C:\WINDOWS\System32\gdi32full.dll
0x00007fffb1650000 - 0x00007fffb16ef000 	C:\WINDOWS\System32\msvcp_win.dll
0x00007fffb2370000 - 0x00007fffb246a000 	C:\WINDOWS\System32\ucrtbase.dll
0x00007fffa1110000 - 0x00007fffa1379000 	C:\WINDOWS\WinSxS\amd64_microsoft.windows.common-controls_6595b64144ccf1df_6.0.17134.345_none_fb429a5930656358\COMCTL32.dll
0x00007fffb32f0000 - 0x00007fffb3613000 	C:\WINDOWS\System32\combase.dll
0x00007fffb2240000 - 0x00007fffb22ba000 	C:\WINDOWS\System32\bcryptPrimitives.dll
0x00007fffb2ea0000 - 0x00007fffb2ecd000 	C:\WINDOWS\System32\IMM32.DLL
0x00000000574f0000 - 0x00000000575c2000 	C:\Program Files\Java\jdk1.8.0_111\jre\bin\msvcr100.dll
0x00000000558b0000 - 0x000000005614a000 	C:\Program Files\Java\jdk1.8.0_111\jre\bin\server\jvm.dll
0x00007fffb2660000 - 0x00007fffb2668000 	C:\WINDOWS\System32\PSAPI.DLL
0x00007fffad3a0000 - 0x00007fffad3a9000 	C:\WINDOWS\SYSTEM32\WSOCK32.dll
0x00007fffa46d0000 - 0x00007fffa46f3000 	C:\WINDOWS\SYSTEM32\WINMM.dll
0x00007fffb3990000 - 0x00007fffb39fc000 	C:\WINDOWS\System32\WS2_32.dll
0x00007fffae9f0000 - 0x00007fffae9fa000 	C:\WINDOWS\SYSTEM32\VERSION.dll
0x00007fffa46a0000 - 0x00007fffa46ca000 	C:\WINDOWS\SYSTEM32\WINMMBASE.dll
0x00007fffb22c0000 - 0x00007fffb2309000 	C:\WINDOWS\System32\cfgmgr32.dll
0x00000000574a0000 - 0x00000000574af000 	C:\Program Files\Java\jdk1.8.0_111\jre\bin\verify.dll
0x0000000057470000 - 0x0000000057499000 	C:\Program Files\Java\jdk1.8.0_111\jre\bin\java.dll
0x0000000057450000 - 0x0000000057466000 	C:\Program Files\Java\jdk1.8.0_111\jre\bin\zip.dll
0x00007fffb3ab0000 - 0x00007fffb4eef000 	C:\WINDOWS\System32\SHELL32.dll
0x00007fffb2d50000 - 0x00007fffb2df9000 	C:\WINDOWS\System32\shcore.dll
0x00007fffb1890000 - 0x00007fffb1f9d000 	C:\WINDOWS\System32\windows.storage.dll
0x00007fffb2480000 - 0x00007fffb24d1000 	C:\WINDOWS\System32\shlwapi.dll
0x00007fffb1390000 - 0x00007fffb13a1000 	C:\WINDOWS\System32\kernel.appcore.dll
0x00007fffb1370000 - 0x00007fffb138f000 	C:\WINDOWS\System32\profapi.dll
0x00007fffb1310000 - 0x00007fffb135c000 	C:\WINDOWS\System32\powrprof.dll
0x00007fffb1360000 - 0x00007fffb136a000 	C:\WINDOWS\System32\FLTLIB.DLL
0x0000000055710000 - 0x00000000558a8000 	C:\Program Files\Java\jdk1.8.0_111\jre\bin\awt.dll
0x00007fffb2ed0000 - 0x00007fffb2f92000 	C:\WINDOWS\System32\OLEAUT32.dll
0x00007fffaa120000 - 0x00007fffaa1ab000 	C:\WINDOWS\SYSTEM32\apphelp.dll
0x00007fffafa70000 - 0x00007fffafa99000 	C:\WINDOWS\system32\DWMAPI.DLL
0x00007fffaf6f0000 - 0x00007fffaf788000 	C:\WINDOWS\system32\uxtheme.dll
0x00007fffb24e0000 - 0x00007fffb2654000 	C:\WINDOWS\System32\MSCTF.dll
0x00007fffb3000000 - 0x00007fffb3151000 	C:\WINDOWS\System32\ole32.dll
0x00000000573c0000 - 0x0000000057407000 	C:\Program Files\Java\jdk1.8.0_111\jre\bin\fontmanager.dll
0x0000000057430000 - 0x000000005744a000 	C:\Program Files\Java\jdk1.8.0_111\jre\bin\net.dll
0x00007fffb0b20000 - 0x00007fffb0b86000 	C:\WINDOWS\system32\mswsock.dll
0x0000000057410000 - 0x0000000057421000 	C:\Program Files\Java\jdk1.8.0_111\jre\bin\nio.dll
0x00007fffa0020000 - 0x00007fffa00b7000 	C:\WINDOWS\System32\TextInputFramework.dll
0x00007fffa9b80000 - 0x00007fffa9c5a000 	C:\WINDOWS\System32\CoreMessaging.dll
0x00007fff9fd00000 - 0x00007fffa001e000 	C:\WINDOWS\System32\CoreUIComponents.dll
0x00007fffb03a0000 - 0x00007fffb03d1000 	C:\WINDOWS\SYSTEM32\ntmarta.dll
0x00007fffaef60000 - 0x00007fffaf0ad000 	C:\WINDOWS\SYSTEM32\wintypes.dll
0x000000001bd80000 - 0x000000001bdda000 	C:\Users\AlissonGiron\Desktop\OpenGL-Aula01e02\jogl.dll
0x00007fff8e430000 - 0x00007fff8e550000 	C:\WINDOWS\SYSTEM32\OPENGL32.dll
0x0000000056390000 - 0x0000000056459000 	C:\WINDOWS\WinSxS\amd64_microsoft.vc80.crt_1fc8b3b9a1e18e3b_8.0.50727.9445_none_88df21dd2faf7c49\MSVCR80.dll
0x00007fff8f240000 - 0x00007fff8f26c000 	C:\WINDOWS\SYSTEM32\GLU32.dll
0x00007fff508c0000 - 0x00007fff515d9000 	C:\WINDOWS\SYSTEM32\ig8icd64.dll
0x00007fff9b630000 - 0x00007fff9c070000 	C:\WINDOWS\SYSTEM32\igdusc64.dll
0x00007fffae0f0000 - 0x00007fffae103000 	C:\WINDOWS\SYSTEM32\WTSAPI32.dll
0x00000000556c0000 - 0x0000000055702000 	C:\Program Files\Java\jdk1.8.0_111\jre\bin\t2k.dll
0x00007fffab7e0000 - 0x00007fffab9a9000 	C:\WINDOWS\SYSTEM32\dbghelp.dll

VM Arguments:
jvm_args: -Dfile.encoding=UTF-8 
java_command: _aula01.dia24102018.JOGLEXemploInicial
java_class_path (initial): C:\Users\AlissonGiron\Desktop\gluegen-rt.jar;C:\Users\AlissonGiron\Desktop\jogl.jar;C:\Users\AlissonGiron\Desktop\OpenGL-Aula01e02\build\classes
Launcher Type: SUN_STANDARD

Environment Variables:
JAVA_HOME=C:\Program Files (x86)\Java\jdk1.8.0_181
PATH=C:\Program Files (x86)\Common Files\Oracle\Java\javapath;C:\Windows\system32;C:\Windows;C:\Windows\System32\Wbem;C:\Windows\System32\WindowsPowerShell\v1.0\;C:\Program Files (x86)\NVIDIA Corporation\PhysX\Common;C:\Program Files\dotnet\;C:\Program Files\Microsoft SQL Server\130\Tools\Binn\;C:\Program Files\Git\cmd;C:\WINDOWS\system32;C:\WINDOWS;C:\WINDOWS\System32\Wbem;C:\WINDOWS\System32\WindowsPowerShell\v1.0\;C:\WINDOWS\System32\OpenSSH\;C:\Program Files\Microsoft SQL Server\Client SDK\ODBC\130\Tools\Binn\;C:\Program Files (x86)\Microsoft SQL Server\140\Tools\Binn\;C:\Program Files\Microsoft SQL Server\140\Tools\Binn\;C:\Program Files\Microsoft SQL Server\140\DTS\Binn\;;C:\Users\AlissonGiron\AppData\Local\Programs\Microsoft VS Code\bin;C:\Users\AlissonGiron\AppData\Local\Microsoft\WindowsApps
USERNAME=AlissonGiron
OS=Windows_NT
PROCESSOR_IDENTIFIER=Intel64 Family 6 Model 61 Stepping 4, GenuineIntel



---------------  S Y S T E M  ---------------

OS: Windows 10.0 , 64 bit Build 17134 (10.0.17134.1)

CPU:total 4 (2 cores per cpu, 2 threads per core) family 6 model 61 stepping 4, cmov, cx8, fxsr, mmx, sse, sse2, sse3, ssse3, sse4.1, sse4.2, popcnt, avx, avx2, aes, clmul, erms, 3dnowpref, lzcnt, ht, tsc, tscinvbit, bmi1, bmi2, adx

Memory: 4k page, physical 8284864k(4094112k free), swap 9595584k(3019748k free)

vm_info: Java HotSpot(TM) 64-Bit Server VM (25.111-b14) for windows-amd64 JRE (1.8.0_111-b14), built on Sep 22 2016 19:24:05 by "java_re" with MS VC++ 10.0 (VS2010)

time: Mon Oct 15 22:16:36 2018
elapsed time: 2 seconds (0d 0h 0m 2s)

